# JRE version: Java(TM) SE Runtime Environment (8.0_20-b26) (build 1.8.0_20-b26)
# Java VM: Java HotSpot(TM) 64-Bit Server VM (25.20-b23 mixed mode bsd-amd64 compressed oops)
Heap:
 PSYoungGen      total 918528K, used 452608K [0x000000076ab00000, 0x00000007c0000000, 0x00000007c0000000)
  eden space 452608K, 100% used [0x000000076ab00000,0x0000000786500000,0x0000000786500000)
  from space 465920K, 0% used [0x0000000786500000,0x0000000786500000,0x00000007a2c00000)
  to   space 465920K, 0% used [0x00000007a3900000,0x00000007a3900000,0x00000007c0000000)
 ParOldGen       total 2796544K, used 2796544K [0x00000006c0000000, 0x000000076ab00000, 0x000000076ab00000)
  object space 2796544K, 100% used [0x00000006c0000000,0x000000076ab00000,0x000000076ab00000)
 Metaspace       used 8809K, capacity 9008K, committed 9088K, reserved 1056768K
  class space    used 1016K, capacity 1090K, committed 1152K, reserved 1048576K
GC Heap History (10 events):
Event: 317.899 GC heap before
{Heap before GC invocations=255 (full 240):
 PSYoungGen      total 918528K, used 452608K [0x000000076ab00000, 0x00000007c0000000, 0x00000007c0000000)
  eden space 452608K, 100% used [0x000000076ab00000,0x0000000786500000,0x0000000786500000)
  from space 465920K, 0% used [0x0000000786500000,0x0000000786500000,0x00000007a2c00000)
  to   space 465920K, 0% used [0x00000007a3900000,0x00000007a3900000,0x00000007c0000000)
 ParOldGen       total 2796544K, used 2796543K [0x00000006c0000000, 0x000000076ab00000, 0x000000076ab00000)
  object space 2796544K, 99% used [0x00000006c0000000,0x000000076aaffe20,0x000000076ab00000)
 Metaspace       used 8809K, capacity 9008K, committed 9088K, reserved 1056768K
  class space    used 1016K, capacity 1090K, committed 1152K, reserved 1048576K
Event: 319.058 GC heap after
Heap after GC invocations=255 (full 240):
 PSYoungGen      total 918528K, used 452608K [0x000000076ab00000, 0x00000007c0000000, 0x00000007c0000000)
  eden space 452608K, 100% used [0x000000076ab00000,0x0000000786500000,0x0000000786500000)
  from space 465920K, 0% used [0x0000000786500000,0x0000000786500000,0x00000007a2c00000)
  to   space 465920K, 0% used [0x00000007a3900000,0x00000007a3900000,0x00000007c0000000)
 ParOldGen       total 2796544K, used 2796543K [0x00000006c0000000, 0x000000076ab00000, 0x000000076ab00000)
  object space 2796544K, 99% used [0x00000006c0000000,0x000000076aaffe20,0x000000076ab00000)
 Metaspace       used 8809K, capacity 9008K, committed 9088K, reserved 1056768K
  class space    used 1016K, capacity 1090K, committed 1152K, reserved 1048576K
}
Event: 319.059 GC heap before
{Heap before GC invocations=256 (full 241):
 PSYoungGen      total 918528K, used 452608K [0x000000076ab00000, 0x00000007c0000000, 0x00000007c0000000)
  eden space 452608K, 100% used [0x000000076ab00000,0x0000000786500000,0x0000000786500000)
  from space 465920K, 0% used [0x0000000786500000,0x0000000786500000,0x00000007a2c00000)
  to   space 465920K, 0% used [0x00000007a3900000,0x00000007a3900000,0x00000007c0000000)
 ParOldGen       total 2796544K, used 2796543K [0x00000006c0000000, 0x000000076ab00000, 0x000000076ab00000)
  object space 2796544K, 99% used [0x00000006c0000000,0x000000076aaffff0,0x000000076ab00000)
 Metaspace       used 8809K, capacity 9008K, committed 9088K, reserved 1056768K
  class space    used 1016K, capacity 1090K, committed 1152K, reserved 1048576K
Event: 320.607 GC heap after
Heap after GC invocations=256 (full 241):
 PSYoungGen      total 918528K, used 452608K [0x000000076ab00000, 0x00000007c0000000, 0x00000007c0000000)
  eden space 452608K, 100% used [0x000000076ab00000,0x0000000786500000,0x0000000786500000)
  from space 465920K, 0% used [0x0000000786500000,0x0000000786500000,0x00000007a2c00000)
  to   space 465920K, 0% used [0x00000007a3900000,0x00000007a3900000,0x00000007c0000000)
 ParOldGen       total 2796544K, used 2796543K [0x00000006c0000000, 0x000000076ab00000, 0x000000076ab00000)
  object space 2796544K, 99% used [0x00000006c0000000,0x000000076aaffff0,0x000000076ab00000)
 Metaspace       used 8809K, capacity 9008K, committed 9088K, reserved 1056768K
  class space    used 1016K, capacity 1090K, committed 1152K, reserved 1048576K
}
Event: 320.607 GC heap before
{Heap before GC invocations=257 (full 242):
 PSYoungGen      total 918528K, used 452608K [0x000000076ab00000, 0x00000007c0000000, 0x00000007c0000000)
  eden space 452608K, 100% used [0x000000076ab00000,0x0000000786500000,0x0000000786500000)
  from space 465920K, 0% used [0x0000000786500000,0x0000000786500000,0x00000007a2c00000)
  to   space 465920K, 0% used [0x00000007a3900000,0x00000007a3900000,0x00000007c0000000)
 ParOldGen       total 2796544K, used 2796543K [0x00000006c0000000, 0x000000076ab00000, 0x000000076ab00000)
  object space 2796544K, 99% used [0x00000006c0000000,0x000000076aaffff0,0x000000076ab00000)
 Metaspace       used 8809K, capacity 9008K, committed 9088K, reserved 1056768K
  class space    used 1016K, capacity 1090K, committed 1152K, reserved 1048576K
Event: 322.069 GC heap after
Heap after GC invocations=257 (full 242):
 PSYoungGen      total 918528K, used 452608K [0x000000076ab00000, 0x00000007c0000000, 0x00000007c0000000)
  eden space 452608K, 100% used [0x000000076ab00000,0x0000000786500000,0x0000000786500000)
  from space 465920K, 0% used [0x0000000786500000,0x0000000786500000,0x00000007a2c00000)
  to   space 465920K, 0% used [0x00000007a3900000,0x00000007a3900000,0x00000007c0000000)
 ParOldGen       total 2796544K, used 2796543K [0x00000006c0000000, 0x000000076ab00000, 0x000000076ab00000)
  object space 2796544K, 99% used [0x00000006c0000000,0x000000076aaffff0,0x000000076ab00000)
 Metaspace       used 8809K, capacity 9008K, committed 9088K, reserved 1056768K
  class space    used 1016K, capacity 1090K, committed 1152K, reserved 1048576K
}
Event: 322.070 GC heap before
{Heap before GC invocations=258 (full 243):
 PSYoungGen      total 918528K, used 452608K [0x000000076ab00000, 0x00000007c0000000, 0x00000007c0000000)
  eden space 452608K, 100% used [0x000000076ab00000,0x0000000786500000,0x0000000786500000)
  from space 465920K, 0% used [0x0000000786500000,0x0000000786500000,0x00000007a2c00000)
  to   space 465920K, 0% used [0x00000007a3900000,0x00000007a3900000,0x00000007c0000000)
 ParOldGen       total 2796544K, used 2796544K [0x00000006c0000000, 0x000000076ab00000, 0x000000076ab00000)
  object space 2796544K, 100% used [0x00000006c0000000,0x000000076ab00000,0x000000076ab00000)
 Metaspace       used 8809K, capacity 9008K, committed 9088K, reserved 1056768K
  class space    used 1016K, capacity 1090K, committed 1152K, reserved 1048576K
Event: 323.326 GC heap after
Heap after GC invocations=258 (full 243):
 PSYoungGen      total 918528K, used 452608K [0x000000076ab00000, 0x00000007c0000000, 0x00000007c0000000)
  eden space 452608K, 100% used [0x000000076ab00000,0x0000000786500000,0x0000000786500000)
  from space 465920K, 0% used [0x0000000786500000,0x0000000786500000,0x00000007a2c00000)
  to   space 465920K, 0% used [0x00000007a3900000,0x00000007a3900000,0x00000007c0000000)
 ParOldGen       total 2796544K, used 2796544K [0x00000006c0000000, 0x000000076ab00000, 0x000000076ab00000)
  object space 2796544K, 100% used [0x00000006c0000000,0x000000076ab00000,0x000000076ab00000)
 Metaspace       used 8809K, capacity 9008K, committed 9088K, reserved 1056768K
  class space    used 1016K, capacity 1090K, committed 1152K, reserved 1048576K
}
Event: 323.326 GC heap before
{Heap before GC invocations=259 (full 244):
 PSYoungGen      total 918528K, used 452608K [0x000000076ab00000, 0x00000007c0000000, 0x00000007c0000000)
  eden space 452608K, 100% used [0x000000076ab00000,0x0000000786500000,0x0000000786500000)
  from space 465920K, 0% used [0x0000000786500000,0x0000000786500000,0x00000007a2c00000)
  to   space 465920K, 0% used [0x00000007a3900000,0x00000007a3900000,0x00000007c0000000)
 ParOldGen       total 2796544K, used 2796544K [0x00000006c0000000, 0x000000076ab00000, 0x000000076ab00000)
  object space 2796544K, 100% used [0x00000006c0000000,0x000000076ab00000,0x000000076ab00000)
 Metaspace       used 8809K, capacity 9008K, committed 9088K, reserved 1056768K
  class space    used 1016K, capacity 1090K, committed 1152K, reserved 1048576K
Event: 324.951 GC heap after
Heap after GC invocations=259 (full 244):
 PSYoungGen      total 918528K, used 452608K [0x000000076ab00000, 0x00000007c0000000, 0x00000007c0000000)
  eden space 452608K, 100% used [0x000000076ab00000,0x0000000786500000,0x0000000786500000)
  from space 465920K, 0% used [0x0000000786500000,0x0000000786500000,0x00000007a2c00000)
  to   space 465920K, 0% used [0x00000007a3900000,0x00000007a3900000,0x00000007c0000000)
 ParOldGen       total 2796544K, used 2796544K [0x00000006c0000000, 0x000000076ab00000, 0x000000076ab00000)
  object space 2796544K, 100% used [0x00000006c0000000,0x000000076ab00000,0x000000076ab00000)
 Metaspace       used 8809K, capacity 9008K, committed 9088K, reserved 1056768K
  class space    used 1016K, capacity 1090K, committed 1152K, reserved 1048576K
}

